<?xml version="1.0" encoding="UTF-8"?>
<testng-results total="1" passed="1" failed="0" skipped="0">
  <reporter-output>
  </reporter-output>
  <suite started-at="2021-07-29T01:07:02Z" name="Default suite" finished-at="2021-07-29T01:07:32Z" duration-ms="29113">
    <groups>
    </groups>
    <test started-at="2021-07-29T01:07:02Z" name="Default test" finished-at="2021-07-29T01:07:32Z" duration-ms="29113">
      <class name="esteeLauder.example.TestExampleOne">
        <test-method signature="shouldAnswerWithTrue()[pri:0, instance:esteeLauder.example.TestExampleOne@57ad2aa7]" started-at="2021-07-28T21:07:02Z" name="shouldAnswerWithTrue" finished-at="2021-07-28T21:07:32Z" duration-ms="29091" status="PASS">
          <reporter-output>
          </reporter-output>
        </test-method> <!-- shouldAnswerWithTrue -->
      </class> <!-- esteeLauder.example.TestExampleOne -->
    </test> <!-- Default test -->
  </suite> <!-- Default suite -->
</testng-results>
